<?xml version="1.0" encoding="UTF-8"?>
<!-- Generated by org.testng.reporters.JUnitReportReporter -->
<testsuite hostname="INMAA1-L1005" name="com.javacodegeeks.testng.selenium.TestNGSeleniumSimpleSearchExample" tests="1" failures="0" timestamp="3 Mar 2015 08:32:47 GMT" time="8.686" errors="0">
  <testcase name="searchTestNGInGoogle" time="8.686" classname="com.javacodegeeks.testng.selenium.TestNGSeleniumSimpleSearchExample"/>
</testsuite> <!-- com.javacodegeeks.testng.selenium.TestNGSeleniumSimpleSearchExample -->
